build/app/intermediates/manifest_merge_blame_file/release/manifest-merger-blame-release-report.txt
1<?xml version="1.0" encoding="utf-8"?>
2<manifest xmlns:android="http://schemas.android.com/apk/res/android"
3    package="com.example.maru"
4    android:versionCode="1"
5    android:versionName="1.0.0" >
6
7    <uses-sdk
8        android:minSdkVersion="21"
8-->src\main\AndroidManifest.xml
9        android:targetSdkVersion="30" />
9-->src\main\AndroidManifest.xml
10
11    <uses-permission android:name="android.permission.INTERNET" />
11-->src\main\AndroidManifest.xml:3:5-66
11-->src\main\AndroidManifest.xml:3:22-64
12    <uses-permission android:name="android.permission.CHANGE_WIFI_STATE" />
12-->src\main\AndroidManifest.xml:4:5-75
12-->src\main\AndroidManifest.xml:4:22-73
13    <uses-permission android:name="android.permission.ACCESS_WIFI_STATE" />
13-->src\main\AndroidManifest.xml:5:5-75
13-->src\main\AndroidManifest.xml:5:22-73
14    <uses-permission android:name="android.permission.ACCESS_NETWORK_STATE" />
14-->src\main\AndroidManifest.xml:6:5-79
14-->src\main\AndroidManifest.xml:6:22-76
15
16    <uses-feature android:name="android.hardware.wifi" />
16-->src\main\AndroidManifest.xml:7:5-58
16-->src\main\AndroidManifest.xml:7:19-55
17
18    <uses-permission android:name="android.permission.ACCESS_FINE_LOCATION" />
18-->src\main\AndroidManifest.xml:8:5-78
18-->src\main\AndroidManifest.xml:8:22-76
19    <uses-permission android:name="android.permission.ACCESS_COARSE_LOCATION" />
19-->src\main\AndroidManifest.xml:9:5-81
19-->src\main\AndroidManifest.xml:9:22-78
20    <uses-permission android:name="android.permission.FOREGROUND_SERVICE" />
20-->src\main\AndroidManifest.xml:10:5-77
20-->src\main\AndroidManifest.xml:10:22-74
21    <uses-permission android:name="android.permission.ACCESS_BACKGROUND_LOCATION" />
21-->src\main\AndroidManifest.xml:11:5-84
21-->src\main\AndroidManifest.xml:11:22-82
22    <uses-permission android:name="android.permission.WAKE_LOCK" />
22-->src\main\AndroidManifest.xml:12:5-68
22-->src\main\AndroidManifest.xml:12:22-65
23
24    <queries>
24-->src\main\AndroidManifest.xml:13:5-34:15
25
26        <!-- If your app opens https URLs -->
27        <intent>
27-->src\main\AndroidManifest.xml:15:9-18:18
28            <action android:name="android.intent.action.VIEW" />
28-->src\main\AndroidManifest.xml:16:13-65
28-->src\main\AndroidManifest.xml:16:21-62
29
30            <data android:scheme="https" />
30-->src\main\AndroidManifest.xml:17:13-44
30-->src\main\AndroidManifest.xml:17:19-41
31        </intent>
32        <!-- If your app makes calls -->
33        <intent>
33-->src\main\AndroidManifest.xml:20:9-23:18
34            <action android:name="android.intent.action.DIAL" />
34-->src\main\AndroidManifest.xml:21:13-65
34-->src\main\AndroidManifest.xml:21:21-62
35
36            <data android:scheme="tel" />
36-->src\main\AndroidManifest.xml:17:13-44
36-->src\main\AndroidManifest.xml:17:19-41
37        </intent>
38        <!-- If your sends SMS messages -->
39        <intent>
39-->src\main\AndroidManifest.xml:25:9-28:18
40            <action android:name="android.intent.action.SENDTO" />
40-->src\main\AndroidManifest.xml:26:13-67
40-->src\main\AndroidManifest.xml:26:21-64
41
42            <data android:scheme="smsto" />
42-->src\main\AndroidManifest.xml:17:13-44
42-->src\main\AndroidManifest.xml:17:19-41
43        </intent>
44        <!-- If your app sends emails -->
45        <intent>
45-->src\main\AndroidManifest.xml:30:9-33:18
46            <action android:name="android.intent.action.SEND" />
46-->src\main\AndroidManifest.xml:31:13-65
46-->src\main\AndroidManifest.xml:31:21-62
47
48            <data android:mimeType="*/*" />
48-->src\main\AndroidManifest.xml:17:13-44
48-->src\main\AndroidManifest.xml:32:19-41
49        </intent>
50        <intent>
50-->[:file_picker] AndroidManifest.xml:10:9-14:18
51            <action android:name="android.intent.action.GET_CONTENT" />
51-->[:file_picker] AndroidManifest.xml:11:13-72
51-->[:file_picker] AndroidManifest.xml:11:21-69
52
53            <data android:mimeType="*/*" />
53-->src\main\AndroidManifest.xml:17:13-44
53-->src\main\AndroidManifest.xml:32:19-41
54        </intent>
55    </queries>
56
57    <uses-permission android:name="android.permission.READ_EXTERNAL_STORAGE" />
57-->[:image_picker] AndroidManifest.xml:7:5-80
57-->[:image_picker] AndroidManifest.xml:7:22-77
58    <uses-permission android:name="android.permission.WRITE_EXTERNAL_STORAGE" />
58-->[:image_picker] AndroidManifest.xml:8:5-81
58-->[:image_picker] AndroidManifest.xml:8:22-78
59    <uses-permission android:name="android.permission.RECEIVE_BOOT_COMPLETED" />
59-->[:flutter_local_notifications] AndroidManifest.xml:7:5-81
59-->[:flutter_local_notifications] AndroidManifest.xml:7:22-78
60    <uses-permission android:name="android.permission.VIBRATE" />
60-->[:flutter_local_notifications] AndroidManifest.xml:8:5-66
60-->[:flutter_local_notifications] AndroidManifest.xml:8:22-63
61    <uses-permission android:name="android.permission.USE_FULL_SCREEN_INTENT" />
61-->[:flutter_local_notifications] AndroidManifest.xml:9:5-81
61-->[:flutter_local_notifications] AndroidManifest.xml:9:22-78
62    <uses-permission android:name="android.permission.SCHEDULE_EXACT_ALARM" /> <!-- Required by older versions of Google Play services to create IID tokens -->
62-->[:flutter_local_notifications] AndroidManifest.xml:10:5-79
62-->[:flutter_local_notifications] AndroidManifest.xml:10:22-76
63    <uses-permission android:name="com.google.android.c2dm.permission.RECEIVE" />
63-->[com.google.firebase:firebase-messaging:23.0.0] AndroidManifest.xml:25:5-82
63-->[com.google.firebase:firebase-messaging:23.0.0] AndroidManifest.xml:25:22-79
64    <uses-permission android:name="com.google.android.finsky.permission.BIND_GET_INSTALL_REFERRER_SERVICE" />
64-->[com.google.android.gms:play-services-measurement:20.0.2] AndroidManifest.xml:26:5-110
64-->[com.google.android.gms:play-services-measurement:20.0.2] AndroidManifest.xml:26:22-107
65
66    <uses-feature
66-->[com.google.android.gms:play-services-maps:17.0.0] AndroidManifest.xml:26:5-28:35
67        android:glEsVersion="0x00020000"
67-->[com.google.android.gms:play-services-maps:17.0.0] AndroidManifest.xml:27:9-41
68        android:required="true" /> <!-- Include required permissions for Advertising Id -->
68-->[com.google.android.gms:play-services-maps:17.0.0] AndroidManifest.xml:28:9-32
69    <uses-permission android:name="com.google.android.gms.permission.AD_ID" />
69-->[com.google.android.gms:play-services-ads-identifier:18.0.0] AndroidManifest.xml:23:5-79
69-->[com.google.android.gms:play-services-ads-identifier:18.0.0] AndroidManifest.xml:23:22-76
70
71    <application
71-->src\main\AndroidManifest.xml:35:5-77:19
72        android:appComponentFactory="androidx.core.app.CoreComponentFactory"
72-->[androidx.core:core:1.6.0] AndroidManifest.xml:24:18-86
73        android:icon="@mipmap/ic_launcher"
73-->src\main\AndroidManifest.xml:39:9-43
74        android:label="maru"
74-->src\main\AndroidManifest.xml:36:9-29
75        android:supportsRtl="true"
75-->[com.facebook.android:facebook-login:5.5.1] AndroidManifest.xml:28:18-44
76        android:usesCleartextTraffic="true" >
76-->src\main\AndroidManifest.xml:38:9-46
77        <meta-data
77-->src\main\AndroidManifest.xml:41:9-42:69
78            android:name="com.google.android.geo.API_KEY"
78-->src\main\AndroidManifest.xml:41:20-65
79            android:value="AIzaSyAcwOMoEO8-zDBVGzeGdPspSM3qJepJeUA" />
79-->src\main\AndroidManifest.xml:42:12-67
80
81        <activity
81-->src\main\AndroidManifest.xml:43:9-71:20
82            android:name="com.example.maru.MainActivity"
82-->src\main\AndroidManifest.xml:44:13-41
83            android:configChanges="orientation|keyboardHidden|keyboard|screenSize|smallestScreenSize|locale|layoutDirection|fontScale|screenLayout|density|uiMode"
83-->src\main\AndroidManifest.xml:47:13-163
84            android:hardwareAccelerated="true"
84-->src\main\AndroidManifest.xml:48:13-47
85            android:launchMode="singleTop"
85-->src\main\AndroidManifest.xml:45:13-43
86            android:theme="@style/LaunchTheme"
86-->src\main\AndroidManifest.xml:46:13-47
87            android:windowSoftInputMode="adjustResize" >
87-->src\main\AndroidManifest.xml:49:13-55
88
89            <!--
90                 Specifies an Android theme to apply to this Activity as soon as
91                 the Android process has started. This theme is visible to the user
92                 while the Flutter UI initializes. After that, this theme continues
93                 to determine the Window background behind the Flutter UI.
94            -->
95            <meta-data
95-->src\main\AndroidManifest.xml:54:13-57:17
96                android:name="io.flutter.embedding.android.NormalTheme"
96-->src\main\AndroidManifest.xml:55:15-70
97                android:resource="@style/NormalTheme" />
97-->src\main\AndroidManifest.xml:56:15-52
98            <!--
99                 Displays an Android View that continues showing the launch screen
100                 Drawable until Flutter paints its first frame, then this splash
101                 screen fades out. A splash screen is useful to avoid any visual
102                 gap between the end of Android's launch screen and the painting of
103                 Flutter's first frame.
104            -->
105            <meta-data
105-->src\main\AndroidManifest.xml:63:13-66:17
106                android:name="io.flutter.embedding.android.SplashScreenDrawable"
106-->src\main\AndroidManifest.xml:64:15-79
107                android:resource="@drawable/launch_background" />
107-->src\main\AndroidManifest.xml:65:15-61
108
109            <intent-filter>
109-->src\main\AndroidManifest.xml:67:13-70:29
110                <action android:name="android.intent.action.MAIN" />
110-->src\main\AndroidManifest.xml:68:17-68
110-->src\main\AndroidManifest.xml:68:25-66
111
112                <category android:name="android.intent.category.LAUNCHER" />
112-->src\main\AndroidManifest.xml:69:17-76
112-->src\main\AndroidManifest.xml:69:27-74
113            </intent-filter>
114        </activity>
115        <!--
116             Don't delete the meta-data below.
117             This is used by the Flutter tool to generate GeneratedPluginRegistrant.java
118        -->
119        <meta-data
119-->src\main\AndroidManifest.xml:74:9-76:33
120            android:name="flutterEmbedding"
120-->src\main\AndroidManifest.xml:75:13-44
121            android:value="2" />
121-->src\main\AndroidManifest.xml:76:13-30
122
123        <service
123-->[:firebase_auth] AndroidManifest.xml:8:9-12:19
124            android:name="com.google.firebase.components.ComponentDiscoveryService"
124-->[:firebase_auth] AndroidManifest.xml:8:18-89
125            android:directBootAware="true"
125-->[com.google.firebase:firebase-common:20.0.0] AndroidManifest.xml:35:13-43
126            android:exported="false" >
126-->[com.google.firebase:firebase-messaging:23.0.0] AndroidManifest.xml:51:13-37
127            <meta-data
127-->[:firebase_auth] AndroidManifest.xml:9:13-11:85
128                android:name="com.google.firebase.components:io.flutter.plugins.firebase.auth.FlutterFirebaseAuthRegistrar"
128-->[:firebase_auth] AndroidManifest.xml:10:17-124
129                android:value="com.google.firebase.components.ComponentRegistrar" />
129-->[:firebase_auth] AndroidManifest.xml:11:17-82
130            <meta-data
130-->[:firebase_messaging] AndroidManifest.xml:34:13-36:85
131                android:name="com.google.firebase.components:io.flutter.plugins.firebase.messaging.FlutterFirebaseAppRegistrar"
131-->[:firebase_messaging] AndroidManifest.xml:35:17-128
132                android:value="com.google.firebase.components.ComponentRegistrar" />
132-->[:firebase_messaging] AndroidManifest.xml:36:17-82
133            <meta-data
133-->[:firebase_core] AndroidManifest.xml:9:13-11:85
134                android:name="com.google.firebase.components:io.flutter.plugins.firebase.core.FlutterFirebaseCoreRegistrar"
134-->[:firebase_core] AndroidManifest.xml:10:17-124
135                android:value="com.google.firebase.components.ComponentRegistrar" />
135-->[:firebase_core] AndroidManifest.xml:11:17-82
136            <meta-data
136-->[com.google.firebase:firebase-messaging:23.0.0] AndroidManifest.xml:52:13-54:85
137                android:name="com.google.firebase.components:com.google.firebase.messaging.FirebaseMessagingRegistrar"
137-->[com.google.firebase:firebase-messaging:23.0.0] AndroidManifest.xml:53:17-119
138                android:value="com.google.firebase.components.ComponentRegistrar" />
138-->[com.google.firebase:firebase-messaging:23.0.0] AndroidManifest.xml:54:17-82
139            <meta-data
139-->[com.google.firebase:firebase-datatransport:18.0.0] AndroidManifest.xml:28:13-30:85
140                android:name="com.google.firebase.components:com.google.firebase.datatransport.TransportRegistrar"
140-->[com.google.firebase:firebase-datatransport:18.0.0] AndroidManifest.xml:29:17-115
141                android:value="com.google.firebase.components.ComponentRegistrar" />
141-->[com.google.firebase:firebase-datatransport:18.0.0] AndroidManifest.xml:30:17-82
142            <meta-data
142-->[com.google.firebase:firebase-auth:21.0.1] AndroidManifest.xml:77:13-79:85
143                android:name="com.google.firebase.components:com.google.firebase.auth.FirebaseAuthRegistrar"
143-->[com.google.firebase:firebase-auth:21.0.1] AndroidManifest.xml:78:17-109
144                android:value="com.google.firebase.components.ComponentRegistrar" />
144-->[com.google.firebase:firebase-auth:21.0.1] AndroidManifest.xml:79:17-82
145            <meta-data
145-->[com.google.android.gms:play-services-measurement-api:20.0.2] AndroidManifest.xml:30:13-32:85
146                android:name="com.google.firebase.components:com.google.firebase.analytics.connector.internal.AnalyticsConnectorRegistrar"
146-->[com.google.android.gms:play-services-measurement-api:20.0.2] AndroidManifest.xml:31:17-139
147                android:value="com.google.firebase.components.ComponentRegistrar" />
147-->[com.google.android.gms:play-services-measurement-api:20.0.2] AndroidManifest.xml:32:17-82
148            <meta-data
148-->[com.google.firebase:firebase-installations:17.0.0] AndroidManifest.xml:18:13-20:85
149                android:name="com.google.firebase.components:com.google.firebase.installations.FirebaseInstallationsRegistrar"
149-->[com.google.firebase:firebase-installations:17.0.0] AndroidManifest.xml:19:17-127
150                android:value="com.google.firebase.components.ComponentRegistrar" />
150-->[com.google.firebase:firebase-installations:17.0.0] AndroidManifest.xml:20:17-82
151        </service>
152        <service
152-->[:firebase_messaging] AndroidManifest.xml:12:9-15:72
153            android:name="io.flutter.plugins.firebase.messaging.FlutterFirebaseMessagingBackgroundService"
153-->[:firebase_messaging] AndroidManifest.xml:13:13-107
154            android:exported="false"
154-->[:firebase_messaging] AndroidManifest.xml:14:13-37
155            android:permission="android.permission.BIND_JOB_SERVICE" />
155-->[:firebase_messaging] AndroidManifest.xml:15:13-69
156        <service
156-->[:firebase_messaging] AndroidManifest.xml:16:9-22:19
157            android:name="io.flutter.plugins.firebase.messaging.FlutterFirebaseMessagingService"
157-->[:firebase_messaging] AndroidManifest.xml:17:13-97
158            android:exported="false" >
158-->[:firebase_messaging] AndroidManifest.xml:18:13-37
159            <intent-filter>
159-->[:firebase_messaging] AndroidManifest.xml:19:13-21:29
160                <action android:name="com.google.firebase.MESSAGING_EVENT" />
160-->[:firebase_messaging] AndroidManifest.xml:20:17-78
160-->[:firebase_messaging] AndroidManifest.xml:20:25-75
161            </intent-filter>
162        </service>
163
164        <receiver
164-->[:firebase_messaging] AndroidManifest.xml:24:9-31:20
165            android:name="io.flutter.plugins.firebase.messaging.FlutterFirebaseMessagingReceiver"
165-->[:firebase_messaging] AndroidManifest.xml:25:13-98
166            android:exported="true"
166-->[:firebase_messaging] AndroidManifest.xml:26:13-36
167            android:permission="com.google.android.c2dm.permission.SEND" >
167-->[:firebase_messaging] AndroidManifest.xml:27:13-73
168            <intent-filter>
168-->[:firebase_messaging] AndroidManifest.xml:28:13-30:29
169                <action android:name="com.google.android.c2dm.intent.RECEIVE" />
169-->[:firebase_messaging] AndroidManifest.xml:29:17-81
169-->[:firebase_messaging] AndroidManifest.xml:29:25-78
170            </intent-filter>
171        </receiver>
172
173        <provider
173-->[:firebase_messaging] AndroidManifest.xml:39:9-43:38
174            android:name="io.flutter.plugins.firebase.messaging.FlutterFirebaseMessagingInitProvider"
174-->[:firebase_messaging] AndroidManifest.xml:40:13-102
175            android:authorities="com.example.maru.flutterfirebasemessaginginitprovider"
175-->[:firebase_messaging] AndroidManifest.xml:41:13-88
176            android:exported="false"
176-->[:firebase_messaging] AndroidManifest.xml:42:13-37
177            android:initOrder="99" />
177-->[:firebase_messaging] AndroidManifest.xml:43:13-35
178        <provider
178-->[:image_picker] AndroidManifest.xml:11:9-19:20
179            android:name="io.flutter.plugins.imagepicker.ImagePickerFileProvider"
179-->[:image_picker] AndroidManifest.xml:12:13-82
180            android:authorities="com.example.maru.flutter.image_provider"
180-->[:image_picker] AndroidManifest.xml:13:13-74
181            android:exported="false"
181-->[:image_picker] AndroidManifest.xml:14:13-37
182            android:grantUriPermissions="true" >
182-->[:image_picker] AndroidManifest.xml:15:13-47
183            <meta-data
183-->[:image_picker] AndroidManifest.xml:16:13-18:75
184                android:name="android.support.FILE_PROVIDER_PATHS"
184-->[:image_picker] AndroidManifest.xml:17:17-67
185                android:resource="@xml/flutter_image_picker_file_paths" />
185-->[:image_picker] AndroidManifest.xml:18:17-72
186        </provider>
187
188        <receiver
188-->[:flutter_local_notifications] AndroidManifest.xml:13:9-15:40
189            android:name="com.dexterous.flutterlocalnotifications.ScheduledNotificationReceiver"
189-->[:flutter_local_notifications] AndroidManifest.xml:14:13-97
190            android:exported="false" />
190-->[:flutter_local_notifications] AndroidManifest.xml:15:13-37
191        <receiver
191-->[:flutter_local_notifications] AndroidManifest.xml:16:9-25:20
192            android:name="com.dexterous.flutterlocalnotifications.ScheduledNotificationBootReceiver"
192-->[:flutter_local_notifications] AndroidManifest.xml:17:13-101
193            android:exported="false" >
193-->[:flutter_local_notifications] AndroidManifest.xml:18:13-37
194            <intent-filter>
194-->[:flutter_local_notifications] AndroidManifest.xml:19:13-24:29
195                <action android:name="android.intent.action.BOOT_COMPLETED" />
195-->[:flutter_local_notifications] AndroidManifest.xml:20:17-79
195-->[:flutter_local_notifications] AndroidManifest.xml:20:25-76
196                <action android:name="android.intent.action.MY_PACKAGE_REPLACED" />
196-->[:flutter_local_notifications] AndroidManifest.xml:21:17-84
196-->[:flutter_local_notifications] AndroidManifest.xml:21:25-81
197                <action android:name="android.intent.action.QUICKBOOT_POWERON" />
197-->[:flutter_local_notifications] AndroidManifest.xml:22:17-82
197-->[:flutter_local_notifications] AndroidManifest.xml:22:25-79
198                <action android:name="com.htc.intent.action.QUICKBOOT_POWERON" />
198-->[:flutter_local_notifications] AndroidManifest.xml:23:17-82
198-->[:flutter_local_notifications] AndroidManifest.xml:23:25-79
199            </intent-filter>
200        </receiver>
201
202        <service
202-->[:location] AndroidManifest.xml:11:9-15:56
203            android:name="com.lyokone.location.FlutterLocationService"
203-->[:location] AndroidManifest.xml:12:13-71
204            android:enabled="true"
204-->[:location] AndroidManifest.xml:13:13-35
205            android:exported="false"
205-->[:location] AndroidManifest.xml:14:13-37
206            android:foregroundServiceType="location" />
206-->[:location] AndroidManifest.xml:15:13-53
207
208        <receiver
208-->[com.google.firebase:firebase-messaging:23.0.0] AndroidManifest.xml:28:9-35:20
209            android:name="com.google.firebase.iid.FirebaseInstanceIdReceiver"
209-->[com.google.firebase:firebase-messaging:23.0.0] AndroidManifest.xml:29:13-78
210            android:exported="true"
210-->[com.google.firebase:firebase-messaging:23.0.0] AndroidManifest.xml:30:13-36
211            android:permission="com.google.android.c2dm.permission.SEND" >
211-->[com.google.firebase:firebase-messaging:23.0.0] AndroidManifest.xml:31:13-73
212            <intent-filter>
212-->[:firebase_messaging] AndroidManifest.xml:28:13-30:29
213                <action android:name="com.google.android.c2dm.intent.RECEIVE" />
213-->[:firebase_messaging] AndroidManifest.xml:29:17-81
213-->[:firebase_messaging] AndroidManifest.xml:29:25-78
214            </intent-filter>
215        </receiver>
216        <!--
217             FirebaseMessagingService performs security checks at runtime,
218             but set to not exported to explicitly avoid allowing another app to call it.
219        -->
220        <service
220-->[com.google.firebase:firebase-messaging:23.0.0] AndroidManifest.xml:41:9-48:19
221            android:name="com.google.firebase.messaging.FirebaseMessagingService"
221-->[com.google.firebase:firebase-messaging:23.0.0] AndroidManifest.xml:42:13-82
222            android:directBootAware="true"
222-->[com.google.firebase:firebase-messaging:23.0.0] AndroidManifest.xml:43:13-43
223            android:exported="false" >
223-->[com.google.firebase:firebase-messaging:23.0.0] AndroidManifest.xml:44:13-37
224            <intent-filter android:priority="-500" >
224-->[:firebase_messaging] AndroidManifest.xml:19:13-21:29
225                <action android:name="com.google.firebase.MESSAGING_EVENT" />
225-->[:firebase_messaging] AndroidManifest.xml:20:17-78
225-->[:firebase_messaging] AndroidManifest.xml:20:25-75
226            </intent-filter>
227        </service>
228        <service
228-->[com.google.android.datatransport:transport-backend-cct:3.0.0] AndroidManifest.xml:29:9-35:19
229            android:name="com.google.android.datatransport.runtime.backends.TransportBackendDiscovery"
229-->[com.google.android.datatransport:transport-backend-cct:3.0.0] AndroidManifest.xml:30:13-103
230            android:exported="false" >
230-->[com.google.android.datatransport:transport-backend-cct:3.0.0] AndroidManifest.xml:31:13-37
231            <meta-data
231-->[com.google.android.datatransport:transport-backend-cct:3.0.0] AndroidManifest.xml:32:13-34:39
232                android:name="backend:com.google.android.datatransport.cct.CctBackendFactory"
232-->[com.google.android.datatransport:transport-backend-cct:3.0.0] AndroidManifest.xml:33:17-94
233                android:value="cct" />
233-->[com.google.android.datatransport:transport-backend-cct:3.0.0] AndroidManifest.xml:34:17-36
234        </service>
235
236        <activity
236-->[com.google.firebase:firebase-auth:21.0.1] AndroidManifest.xml:27:9-44:20
237            android:name="com.google.firebase.auth.internal.GenericIdpActivity"
237-->[com.google.firebase:firebase-auth:21.0.1] AndroidManifest.xml:28:13-80
238            android:excludeFromRecents="true"
238-->[com.google.firebase:firebase-auth:21.0.1] AndroidManifest.xml:29:13-46
239            android:exported="true"
239-->[com.google.firebase:firebase-auth:21.0.1] AndroidManifest.xml:30:13-36
240            android:launchMode="singleTask"
240-->[com.google.firebase:firebase-auth:21.0.1] AndroidManifest.xml:31:13-44
241            android:theme="@android:style/Theme.Translucent.NoTitleBar" >
241-->[com.google.firebase:firebase-auth:21.0.1] AndroidManifest.xml:32:13-72
242            <intent-filter>
242-->[com.google.firebase:firebase-auth:21.0.1] AndroidManifest.xml:33:13-43:29
243                <action android:name="android.intent.action.VIEW" />
243-->src\main\AndroidManifest.xml:16:13-65
243-->src\main\AndroidManifest.xml:16:21-62
244
245                <category android:name="android.intent.category.DEFAULT" />
245-->[com.google.firebase:firebase-auth:21.0.1] AndroidManifest.xml:36:17-76
245-->[com.google.firebase:firebase-auth:21.0.1] AndroidManifest.xml:36:27-73
246                <category android:name="android.intent.category.BROWSABLE" />
246-->[com.google.firebase:firebase-auth:21.0.1] AndroidManifest.xml:37:17-78
246-->[com.google.firebase:firebase-auth:21.0.1] AndroidManifest.xml:37:27-75
247
248                <data
248-->src\main\AndroidManifest.xml:17:13-44
249                    android:host="firebase.auth"
250                    android:path="/"
251                    android:scheme="genericidp" />
251-->src\main\AndroidManifest.xml:17:19-41
252            </intent-filter>
253        </activity>
254        <activity
254-->[com.google.firebase:firebase-auth:21.0.1] AndroidManifest.xml:45:9-62:20
255            android:name="com.google.firebase.auth.internal.RecaptchaActivity"
255-->[com.google.firebase:firebase-auth:21.0.1] AndroidManifest.xml:46:13-79
256            android:excludeFromRecents="true"
256-->[com.google.firebase:firebase-auth:21.0.1] AndroidManifest.xml:47:13-46
257            android:exported="true"
257-->[com.google.firebase:firebase-auth:21.0.1] AndroidManifest.xml:48:13-36
258            android:launchMode="singleTask"
258-->[com.google.firebase:firebase-auth:21.0.1] AndroidManifest.xml:49:13-44
259            android:theme="@android:style/Theme.Translucent.NoTitleBar" >
259-->[com.google.firebase:firebase-auth:21.0.1] AndroidManifest.xml:50:13-72
260            <intent-filter>
260-->[com.google.firebase:firebase-auth:21.0.1] AndroidManifest.xml:51:13-61:29
261                <action android:name="android.intent.action.VIEW" />
261-->src\main\AndroidManifest.xml:16:13-65
261-->src\main\AndroidManifest.xml:16:21-62
262
263                <category android:name="android.intent.category.DEFAULT" />
263-->[com.google.firebase:firebase-auth:21.0.1] AndroidManifest.xml:36:17-76
263-->[com.google.firebase:firebase-auth:21.0.1] AndroidManifest.xml:36:27-73
264                <category android:name="android.intent.category.BROWSABLE" />
264-->[com.google.firebase:firebase-auth:21.0.1] AndroidManifest.xml:37:17-78
264-->[com.google.firebase:firebase-auth:21.0.1] AndroidManifest.xml:37:27-75
265
266                <data
266-->src\main\AndroidManifest.xml:17:13-44
267                    android:host="firebase.auth"
268                    android:path="/"
269                    android:scheme="recaptcha" />
269-->src\main\AndroidManifest.xml:17:19-41
270            </intent-filter>
271        </activity>
272
273        <service
273-->[com.google.firebase:firebase-auth:21.0.1] AndroidManifest.xml:64:9-73:19
274            android:name="com.google.firebase.auth.api.fallback.service.FirebaseAuthFallbackService"
274-->[com.google.firebase:firebase-auth:21.0.1] AndroidManifest.xml:65:13-101
275            android:enabled="true"
275-->[com.google.firebase:firebase-auth:21.0.1] AndroidManifest.xml:66:13-35
276            android:exported="false" >
276-->[com.google.firebase:firebase-auth:21.0.1] AndroidManifest.xml:67:13-37
277            <intent-filter>
277-->[com.google.firebase:firebase-auth:21.0.1] AndroidManifest.xml:68:13-72:29
278                <action android:name="com.google.firebase.auth.api.gms.service.START" />
278-->[com.google.firebase:firebase-auth:21.0.1] AndroidManifest.xml:69:17-89
278-->[com.google.firebase:firebase-auth:21.0.1] AndroidManifest.xml:69:25-86
279
280                <category android:name="android.intent.category.DEFAULT" />
280-->[com.google.firebase:firebase-auth:21.0.1] AndroidManifest.xml:36:17-76
280-->[com.google.firebase:firebase-auth:21.0.1] AndroidManifest.xml:36:27-73
281            </intent-filter>
282        </service>
283
284        <provider
284-->[com.google.firebase:firebase-common:20.0.0] AndroidManifest.xml:26:9-31:39
285            android:name="com.google.firebase.provider.FirebaseInitProvider"
285-->[com.google.firebase:firebase-common:20.0.0] AndroidManifest.xml:27:13-77
286            android:authorities="com.example.maru.firebaseinitprovider"
286-->[com.google.firebase:firebase-common:20.0.0] AndroidManifest.xml:28:13-72
287            android:directBootAware="true"
287-->[com.google.firebase:firebase-common:20.0.0] AndroidManifest.xml:29:13-43
288            android:exported="false"
288-->[com.google.firebase:firebase-common:20.0.0] AndroidManifest.xml:30:13-37
289            android:initOrder="100" />
289-->[com.google.firebase:firebase-common:20.0.0] AndroidManifest.xml:31:13-36
290
291        <activity
291-->[com.facebook.android:facebook-common:5.5.1] AndroidManifest.xml:29:9-32:66
292            android:name="com.facebook.FacebookActivity"
292-->[com.facebook.android:facebook-common:5.5.1] AndroidManifest.xml:30:13-57
293            android:configChanges="keyboard|keyboardHidden|screenLayout|screenSize|orientation"
293-->[com.facebook.android:facebook-common:5.5.1] AndroidManifest.xml:31:13-96
294            android:theme="@style/com_facebook_activity_theme" />
294-->[com.facebook.android:facebook-common:5.5.1] AndroidManifest.xml:32:13-63
295        <activity android:name="com.facebook.CustomTabMainActivity" />
295-->[com.facebook.android:facebook-common:5.5.1] AndroidManifest.xml:33:9-71
295-->[com.facebook.android:facebook-common:5.5.1] AndroidManifest.xml:33:19-68
296        <activity android:name="com.facebook.CustomTabActivity" />
296-->[com.facebook.android:facebook-common:5.5.1] AndroidManifest.xml:34:9-67